<?xml version="1.0" encoding="UTF-8"?>
<!-- Generated by org.testng.reporters.JUnitReportReporter -->
<testsuite hostname="DESKTOP-Q7J8HRL" failures="0" tests="5" name="com.demo.Selenium.DDTestDemo" time="24.894" errors="0" timestamp="2021-12-02T05:46:24 GMT" skipped="0">
  <testcase classname="com.demo.Selenium.DDTestDemo" name="loginTest" time="9.283"/>
  <system-out/>
  <testcase classname="com.demo.Selenium.DDTestDemo" name="loginTest" time="7.372"/>
  <system-out/>
  <testcase classname="com.demo.Selenium.DDTestDemo" name="loginTest" time="8.236"/>
  <system-out/>
  <testcase classname="com.demo.Selenium.DDTestDemo" name="testParallel" time="0.002"/>
  <system-out/>
  <testcase classname="com.demo.Selenium.DDTestDemo" name="testParallel2" time="0.001"/>
  <system-out/>
</testsuite> <!-- com.demo.Selenium.DDTestDemo -->
