<?xml version="1.0" encoding="UTF-8"?>
<!-- Generated by org.testng.reporters.JUnitReportReporter -->
<testsuite hostname="DESKTOP-Q7J8HRL" failures="0" tests="5" name="com.demo.sketches.B_Class" time="0.028" errors="0" timestamp="2021-12-04T13:06:08 GMT" skipped="0">
  <testcase classname="com.demo.sketches.B_Class" name="a_class_Demo" time="0.019"/>
  <system-out/>
  <testcase classname="com.demo.sketches.B_Class" name="b_Class_Demo" time="0.002"/>
  <system-out/>
  <testcase classname="com.demo.sketches.B_Class" name="b_Class_Demo1" time="0.002"/>
  <system-out/>
  <testcase classname="com.demo.sketches.B_Class" name="a_class_Demo2" time="0.003"/>
  <system-out/>
  <testcase classname="com.demo.sketches.B_Class" name="b_Class_Demo3" time="0.002"/>
  <system-out/>
</testsuite> <!-- com.demo.sketches.B_Class -->
