<?xml version="1.0" encoding="UTF-8"?>
<!-- Generated by org.testng.reporters.JUnitReportReporter -->
<testsuite hostname="DESKTOP-Q7J8HRL" failures="0" tests="1" name="com.demo.Selenium.JSONDEMO" time="82.333" errors="0" timestamp="2021-12-02T21:06:08 GMT" skipped="0">
  <testcase classname="com.demo.Selenium.JSONDEMO" name="weBuyTest" time="82.333"/>
  <system-out/>
</testsuite> <!-- com.demo.Selenium.JSONDEMO -->
