<?xml version="1.0" encoding="UTF-8"?>
<!-- Generated by org.testng.reporters.JUnitReportReporter -->
<testsuite hostname="DESKTOP-Q7J8HRL" failures="0" tests="1" name="com.demo.Selenium.WEBUY_TEST" time="82.224" errors="0" timestamp="2022-01-24T18:36:30 GMT" skipped="0">
  <testcase classname="com.demo.Selenium.WEBUY_TEST" name="weBuyTest" time="82.224"/>
  <system-out/>
</testsuite> <!-- com.demo.Selenium.WEBUY_TEST -->
