<?xml version="1.0" encoding="UTF-8"?>
<!-- Generated by org.testng.reporters.JUnitReportReporter -->
<testsuite hostname="DESKTOP-Q7J8HRL" failures="0" tests="1" name="com.demo.Selenium.WEBUY_TEST" time="119.013" errors="0" timestamp="2022-05-06T18:22:13 BST" skipped="0">
  <testcase classname="com.demo.Selenium.WEBUY_TEST" name="weBuyTest" time="119.013"/>
  <system-out/>
</testsuite> <!-- com.demo.Selenium.WEBUY_TEST -->
